-------------------------------------------------------------------------------
Test set: com.antiiimage.Sample2Test
-------------------------------------------------------------------------------
Tests run: 3, Failures: 1, Errors: 0, Skipped: 0, Time elapsed: 0.205 sec <<< FAILURE! - in com.antiiimage.Sample2Test
surefireSampleUnitTestFail(com.antiiimage.Sample2Test)  Time elapsed: 0.035 sec  <<< FAILURE!
java.lang.AssertionError
	at com.antiiimage.Sample2Test.surefireSampleUnitTestFail(Sample2Test.java:19)

